2019-08-26 13:06:20,261 CRIT Supervisor is running as root.  Privileges were not dropped because no user is specified in the config file.  If you intend to run as root, you can set user=root in the config file to avoid this message.
2019-08-26 13:06:20,270 INFO RPC interface 'supervisor' initialized
2019-08-26 13:06:20,270 CRIT Server 'unix_http_server' running without any HTTP authentication checking
2019-08-26 13:06:20,270 INFO supervisord started with pid 1
2019-08-26 13:06:21,274 INFO spawned: 'httpd' with pid 12
2019-08-26 13:06:22,324 INFO success: httpd entered RUNNING state, process has stayed up for > than 1 seconds (startsecs)
2019-08-26 13:13:25,347 WARN received SIGTERM indicating exit request
2019-08-26 13:13:25,347 INFO waiting for httpd to die
2019-08-26 13:13:25,445 INFO stopped: httpd (exit status 0)
2019-08-26 13:13:26,025 CRIT Supervisor is running as root.  Privileges were not dropped because no user is specified in the config file.  If you intend to run as root, you can set user=root in the config file to avoid this message.
2019-08-26 13:13:26,033 INFO RPC interface 'supervisor' initialized
2019-08-26 13:13:26,033 CRIT Server 'unix_http_server' running without any HTTP authentication checking
2019-08-26 13:13:26,034 INFO supervisord started with pid 1
2019-08-26 13:13:27,035 INFO spawned: 'httpd' with pid 10
2019-08-26 13:13:28,065 INFO success: httpd entered RUNNING state, process has stayed up for > than 1 seconds (startsecs)
2019-08-26 13:30:31,037 CRIT Supervisor is running as root.  Privileges were not dropped because no user is specified in the config file.  If you intend to run as root, you can set user=root in the config file to avoid this message.
2019-08-26 13:30:31,047 INFO RPC interface 'supervisor' initialized
2019-08-26 13:30:31,047 CRIT Server 'unix_http_server' running without any HTTP authentication checking
2019-08-26 13:30:31,047 INFO supervisord started with pid 1
2019-08-26 13:30:32,051 INFO spawned: 'httpd' with pid 9
2019-08-26 13:30:33,182 INFO success: httpd entered RUNNING state, process has stayed up for > than 1 seconds (startsecs)
2019-08-26 13:34:39,164 WARN received SIGTERM indicating exit request
2019-08-26 13:34:39,164 INFO waiting for httpd to die
2019-08-26 13:34:39,264 INFO stopped: httpd (exit status 0)
2019-08-26 13:35:09,421 CRIT Supervisor is running as root.  Privileges were not dropped because no user is specified in the config file.  If you intend to run as root, you can set user=root in the config file to avoid this message.
2019-08-26 13:35:09,431 INFO RPC interface 'supervisor' initialized
2019-08-26 13:35:09,431 CRIT Server 'unix_http_server' running without any HTTP authentication checking
2019-08-26 13:35:09,431 INFO supervisord started with pid 1
2019-08-26 13:35:10,435 INFO spawned: 'httpd' with pid 10
2019-08-26 13:35:11,499 INFO success: httpd entered RUNNING state, process has stayed up for > than 1 seconds (startsecs)
2019-08-26 13:37:42,797 WARN received SIGTERM indicating exit request
2019-08-26 13:37:42,797 INFO waiting for httpd to die
2019-08-26 13:37:42,828 INFO stopped: httpd (exit status 0)
2019-08-26 13:38:37,484 CRIT Supervisor is running as root.  Privileges were not dropped because no user is specified in the config file.  If you intend to run as root, you can set user=root in the config file to avoid this message.
2019-08-26 13:38:37,493 INFO RPC interface 'supervisor' initialized
2019-08-26 13:38:37,494 CRIT Server 'unix_http_server' running without any HTTP authentication checking
2019-08-26 13:38:37,494 INFO supervisord started with pid 1
2019-08-26 13:38:38,497 INFO spawned: 'httpd' with pid 11
2019-08-26 13:38:39,557 INFO success: httpd entered RUNNING state, process has stayed up for > than 1 seconds (startsecs)
2019-08-26 13:39:43,630 WARN received SIGTERM indicating exit request
2019-08-26 13:39:43,631 INFO waiting for httpd to die
2019-08-26 13:39:43,735 INFO stopped: httpd (exit status 0)
2019-08-26 13:42:18,173 CRIT Supervisor is running as root.  Privileges were not dropped because no user is specified in the config file.  If you intend to run as root, you can set user=root in the config file to avoid this message.
2019-08-26 13:42:18,185 INFO RPC interface 'supervisor' initialized
2019-08-26 13:42:18,185 CRIT Server 'unix_http_server' running without any HTTP authentication checking
2019-08-26 13:42:18,185 INFO supervisord started with pid 1
2019-08-26 13:42:19,188 INFO spawned: 'httpd' with pid 9
2019-08-26 13:42:20,360 INFO success: httpd entered RUNNING state, process has stayed up for > than 1 seconds (startsecs)
2019-08-26 14:05:00,857 WARN received SIGTERM indicating exit request
2019-08-26 14:05:00,858 INFO waiting for httpd to die
2019-08-26 14:05:00,955 INFO stopped: httpd (exit status 0)
2019-08-26 14:05:06,150 CRIT Supervisor is running as root.  Privileges were not dropped because no user is specified in the config file.  If you intend to run as root, you can set user=root in the config file to avoid this message.
2019-08-26 14:05:06,192 INFO RPC interface 'supervisor' initialized
2019-08-26 14:05:06,192 CRIT Server 'unix_http_server' running without any HTTP authentication checking
2019-08-26 14:05:06,192 INFO supervisord started with pid 1
2019-08-26 14:05:07,196 INFO spawned: 'httpd' with pid 10
2019-08-26 14:05:08,265 INFO success: httpd entered RUNNING state, process has stayed up for > than 1 seconds (startsecs)
2019-08-28 13:17:15,685 CRIT Supervisor is running as root.  Privileges were not dropped because no user is specified in the config file.  If you intend to run as root, you can set user=root in the config file to avoid this message.
2019-08-28 13:17:15,713 INFO RPC interface 'supervisor' initialized
2019-08-28 13:17:15,713 CRIT Server 'unix_http_server' running without any HTTP authentication checking
2019-08-28 13:17:15,713 INFO supervisord started with pid 1
2019-08-28 13:17:16,717 INFO spawned: 'httpd' with pid 10
2019-08-28 13:17:17,782 INFO success: httpd entered RUNNING state, process has stayed up for > than 1 seconds (startsecs)
2019-08-28 13:18:54,815 WARN received SIGTERM indicating exit request
2019-08-28 13:18:54,815 INFO waiting for httpd to die
2019-08-28 13:18:54,917 INFO stopped: httpd (exit status 0)
