2019-08-26 13:06:20,261 CRIT Supervisor is running as root.  Privileges were not dropped because no user is specified in the config file.  If you intend to run as root, you can set user=root in the config file to avoid this message.
2019-08-26 13:06:20,270 INFO RPC interface 'supervisor' initialized
2019-08-26 13:06:20,270 CRIT Server 'unix_http_server' running without any HTTP authentication checking
2019-08-26 13:06:20,270 INFO supervisord started with pid 1
2019-08-26 13:06:21,274 INFO spawned: 'httpd' with pid 12
2019-08-26 13:06:22,324 INFO success: httpd entered RUNNING state, process has stayed up for > than 1 seconds (startsecs)
2019-08-26 13:13:25,347 WARN received SIGTERM indicating exit request
2019-08-26 13:13:25,347 INFO waiting for httpd to die
2019-08-26 13:13:25,445 INFO stopped: httpd (exit status 0)
2019-08-26 13:13:26,025 CRIT Supervisor is running as root.  Privileges were not dropped because no user is specified in the config file.  If you intend to run as root, you can set user=root in the config file to avoid this message.
2019-08-26 13:13:26,033 INFO RPC interface 'supervisor' initialized
2019-08-26 13:13:26,033 CRIT Server 'unix_http_server' running without any HTTP authentication checking
2019-08-26 13:13:26,034 INFO supervisord started with pid 1
2019-08-26 13:13:27,035 INFO spawned: 'httpd' with pid 10
2019-08-26 13:13:28,065 INFO success: httpd entered RUNNING state, process has stayed up for > than 1 seconds (startsecs)
2019-08-26 13:30:31,037 CRIT Supervisor is running as root.  Privileges were not dropped because no user is specified in the config file.  If you intend to run as root, you can set user=root in the config file to avoid this message.
2019-08-26 13:30:31,047 INFO RPC interface 'supervisor' initialized
2019-08-26 13:30:31,047 CRIT Server 'unix_http_server' running without any HTTP authentication checking
2019-08-26 13:30:31,047 INFO supervisord started with pid 1
2019-08-26 13:30:32,051 INFO spawned: 'httpd' with pid 9
2019-08-26 13:30:33,182 INFO success: httpd entered RUNNING state, process has stayed up for > than 1 seconds (startsecs)
2019-08-26 13:34:39,164 WARN received SIGTERM indicating exit request
2019-08-26 13:34:39,164 INFO waiting for httpd to die
2019-08-26 13:34:39,264 INFO stopped: httpd (exit status 0)
2019-08-26 13:35:09,421 CRIT Supervisor is running as root.  Privileges were not dropped because no user is specified in the config file.  If you intend to run as root, you can set user=root in the config file to avoid this message.
2019-08-26 13:35:09,431 INFO RPC interface 'supervisor' initialized
2019-08-26 13:35:09,431 CRIT Server 'unix_http_server' running without any HTTP authentication checking
2019-08-26 13:35:09,431 INFO supervisord started with pid 1
2019-08-26 13:35:10,435 INFO spawned: 'httpd' with pid 10
2019-08-26 13:35:11,499 INFO success: httpd entered RUNNING state, process has stayed up for > than 1 seconds (startsecs)
2019-08-26 13:37:42,797 WARN received SIGTERM indicating exit request
2019-08-26 13:37:42,797 INFO waiting for httpd to die
2019-08-26 13:37:42,828 INFO stopped: httpd (exit status 0)
2019-08-26 13:38:37,484 CRIT Supervisor is running as root.  Privileges were not dropped because no user is specified in the config file.  If you intend to run as root, you can set user=root in the config file to avoid this message.
2019-08-26 13:38:37,493 INFO RPC interface 'supervisor' initialized
2019-08-26 13:38:37,494 CRIT Server 'unix_http_server' running without any HTTP authentication checking
2019-08-26 13:38:37,494 INFO supervisord started with pid 1
2019-08-26 13:38:38,497 INFO spawned: 'httpd' with pid 11
2019-08-26 13:38:39,557 INFO success: httpd entered RUNNING state, process has stayed up for > than 1 seconds (startsecs)
2019-08-26 13:39:43,630 WARN received SIGTERM indicating exit request
2019-08-26 13:39:43,631 INFO waiting for httpd to die
2019-08-26 13:39:43,735 INFO stopped: httpd (exit status 0)
2019-08-26 13:42:18,173 CRIT Supervisor is running as root.  Privileges were not dropped because no user is specified in the config file.  If you intend to run as root, you can set user=root in the config file to avoid this message.
2019-08-26 13:42:18,185 INFO RPC interface 'supervisor' initialized
2019-08-26 13:42:18,185 CRIT Server 'unix_http_server' running without any HTTP authentication checking
2019-08-26 13:42:18,185 INFO supervisord started with pid 1
2019-08-26 13:42:19,188 INFO spawned: 'httpd' with pid 9
2019-08-26 13:42:20,360 INFO success: httpd entered RUNNING state, process has stayed up for > than 1 seconds (startsecs)
2019-08-26 14:05:00,857 WARN received SIGTERM indicating exit request
2019-08-26 14:05:00,858 INFO waiting for httpd to die
2019-08-26 14:05:00,955 INFO stopped: httpd (exit status 0)
2019-08-26 14:05:06,150 CRIT Supervisor is running as root.  Privileges were not dropped because no user is specified in the config file.  If you intend to run as root, you can set user=root in the config file to avoid this message.
2019-08-26 14:05:06,192 INFO RPC interface 'supervisor' initialized
2019-08-26 14:05:06,192 CRIT Server 'unix_http_server' running without any HTTP authentication checking
2019-08-26 14:05:06,192 INFO supervisord started with pid 1
2019-08-26 14:05:07,196 INFO spawned: 'httpd' with pid 10
2019-08-26 14:05:08,265 INFO success: httpd entered RUNNING state, process has stayed up for > than 1 seconds (startsecs)
2019-08-28 13:17:15,685 CRIT Supervisor is running as root.  Privileges were not dropped because no user is specified in the config file.  If you intend to run as root, you can set user=root in the config file to avoid this message.
2019-08-28 13:17:15,713 INFO RPC interface 'supervisor' initialized
2019-08-28 13:17:15,713 CRIT Server 'unix_http_server' running without any HTTP authentication checking
2019-08-28 13:17:15,713 INFO supervisord started with pid 1
2019-08-28 13:17:16,717 INFO spawned: 'httpd' with pid 10
2019-08-28 13:17:17,782 INFO success: httpd entered RUNNING state, process has stayed up for > than 1 seconds (startsecs)
2019-08-28 13:18:54,815 WARN received SIGTERM indicating exit request
2019-08-28 13:18:54,815 INFO waiting for httpd to die
2019-08-28 13:18:54,917 INFO stopped: httpd (exit status 0)
2019-08-28 18:35:42,165 CRIT Supervisor is running as root.  Privileges were not dropped because no user is specified in the config file.  If you intend to run as root, you can set user=root in the config file to avoid this message.
2019-08-28 18:35:42,281 INFO RPC interface 'supervisor' initialized
2019-08-28 18:35:42,282 CRIT Server 'unix_http_server' running without any HTTP authentication checking
2019-08-28 18:35:42,282 INFO supervisord started with pid 1
2019-08-28 18:35:43,285 INFO spawned: 'httpd' with pid 8
2019-08-28 18:35:44,458 INFO success: httpd entered RUNNING state, process has stayed up for > than 1 seconds (startsecs)
2019-08-28 18:38:35,221 WARN received SIGTERM indicating exit request
2019-08-28 18:38:35,222 INFO waiting for httpd to die
2019-08-28 18:38:36,592 INFO stopped: httpd (exit status 0)
2019-08-28 18:43:27,550 CRIT Supervisor is running as root.  Privileges were not dropped because no user is specified in the config file.  If you intend to run as root, you can set user=root in the config file to avoid this message.
2019-08-28 18:43:27,612 INFO RPC interface 'supervisor' initialized
2019-08-28 18:43:27,612 CRIT Server 'unix_http_server' running without any HTTP authentication checking
2019-08-28 18:43:27,612 INFO supervisord started with pid 1
2019-08-28 18:43:28,615 INFO spawned: 'httpd' with pid 8
2019-08-28 18:43:30,095 INFO success: httpd entered RUNNING state, process has stayed up for > than 1 seconds (startsecs)
2020-11-27 16:39:59,584 CRIT Supervisor is running as root.  Privileges were not dropped because no user is specified in the config file.  If you intend to run as root, you can set user=root in the config file to avoid this message.
2020-11-27 16:39:59,595 INFO RPC interface 'supervisor' initialized
2020-11-27 16:39:59,596 CRIT Server 'unix_http_server' running without any HTTP authentication checking
2020-11-27 16:39:59,602 INFO supervisord started with pid 1
2020-11-27 16:40:00,606 INFO spawned: 'httpd' with pid 8
2020-11-27 16:40:01,663 INFO success: httpd entered RUNNING state, process has stayed up for > than 1 seconds (startsecs)
2020-11-27 16:43:32,832 WARN received SIGTERM indicating exit request
2020-11-27 16:43:32,853 INFO waiting for httpd to die
2020-11-27 16:43:32,965 INFO stopped: httpd (exit status 0)
2020-11-27 16:44:50,690 CRIT Supervisor is running as root.  Privileges were not dropped because no user is specified in the config file.  If you intend to run as root, you can set user=root in the config file to avoid this message.
2020-11-27 16:44:50,696 INFO RPC interface 'supervisor' initialized
2020-11-27 16:44:50,697 CRIT Server 'unix_http_server' running without any HTTP authentication checking
2020-11-27 16:44:50,699 INFO supervisord started with pid 1
2020-11-27 16:44:51,708 INFO spawned: 'httpd' with pid 8
2020-11-27 16:44:52,797 INFO success: httpd entered RUNNING state, process has stayed up for > than 1 seconds (startsecs)
2020-11-27 16:45:14,962 WARN received SIGTERM indicating exit request
2020-11-27 16:45:14,964 INFO waiting for httpd to die
2020-11-27 16:45:15,067 INFO stopped: httpd (exit status 0)
2020-11-27 16:48:06,997 CRIT Supervisor is running as root.  Privileges were not dropped because no user is specified in the config file.  If you intend to run as root, you can set user=root in the config file to avoid this message.
2020-11-27 16:48:07,004 INFO RPC interface 'supervisor' initialized
2020-11-27 16:48:07,006 CRIT Server 'unix_http_server' running without any HTTP authentication checking
2020-11-27 16:48:07,010 INFO supervisord started with pid 1
2020-11-27 16:48:08,013 INFO spawned: 'httpd' with pid 10
2020-11-27 16:48:09,072 INFO success: httpd entered RUNNING state, process has stayed up for > than 1 seconds (startsecs)
2020-11-27 16:50:49,798 WARN received SIGTERM indicating exit request
2020-11-27 16:50:49,827 INFO waiting for httpd to die
2020-11-27 16:50:49,915 INFO stopped: httpd (exit status 0)
2020-11-27 16:55:43,645 CRIT Supervisor is running as root.  Privileges were not dropped because no user is specified in the config file.  If you intend to run as root, you can set user=root in the config file to avoid this message.
2020-11-27 16:55:43,667 INFO RPC interface 'supervisor' initialized
2020-11-27 16:55:43,669 CRIT Server 'unix_http_server' running without any HTTP authentication checking
2020-11-27 16:55:43,676 INFO supervisord started with pid 1
2020-11-27 16:55:44,680 INFO spawned: 'httpd' with pid 11
2020-11-27 16:55:45,746 INFO success: httpd entered RUNNING state, process has stayed up for > than 1 seconds (startsecs)
2020-11-27 16:56:46,563 WARN received SIGTERM indicating exit request
2020-11-27 16:56:46,570 INFO waiting for httpd to die
2020-11-27 16:56:46,686 INFO stopped: httpd (exit status 0)
2020-11-27 17:00:36,586 CRIT Supervisor is running as root.  Privileges were not dropped because no user is specified in the config file.  If you intend to run as root, you can set user=root in the config file to avoid this message.
2020-11-27 17:00:36,599 INFO RPC interface 'supervisor' initialized
2020-11-27 17:00:36,601 CRIT Server 'unix_http_server' running without any HTTP authentication checking
2020-11-27 17:00:36,604 INFO supervisord started with pid 1
2020-11-27 17:00:37,607 INFO spawned: 'httpd' with pid 10
2020-11-27 17:00:38,703 INFO success: httpd entered RUNNING state, process has stayed up for > than 1 seconds (startsecs)
2020-11-27 17:14:58,466 WARN received SIGTERM indicating exit request
2020-11-27 17:14:58,494 INFO waiting for httpd to die
2020-11-27 17:14:58,669 INFO stopped: httpd (exit status 0)
2020-11-27 17:20:05,942 CRIT Supervisor is running as root.  Privileges were not dropped because no user is specified in the config file.  If you intend to run as root, you can set user=root in the config file to avoid this message.
2020-11-27 17:20:05,950 INFO RPC interface 'supervisor' initialized
2020-11-27 17:20:05,951 CRIT Server 'unix_http_server' running without any HTTP authentication checking
2020-11-27 17:20:05,955 INFO supervisord started with pid 1
2020-11-27 17:20:06,959 INFO spawned: 'httpd' with pid 8
2020-11-27 17:20:08,042 INFO success: httpd entered RUNNING state, process has stayed up for > than 1 seconds (startsecs)
2020-11-27 17:28:06,915 WARN received SIGTERM indicating exit request
2020-11-27 17:28:06,920 INFO waiting for httpd to die
2020-11-27 17:28:06,995 INFO stopped: httpd (exit status 0)
2020-11-27 17:36:10,613 CRIT Supervisor is running as root.  Privileges were not dropped because no user is specified in the config file.  If you intend to run as root, you can set user=root in the config file to avoid this message.
2020-11-27 17:36:10,619 INFO RPC interface 'supervisor' initialized
2020-11-27 17:36:10,620 CRIT Server 'unix_http_server' running without any HTTP authentication checking
2020-11-27 17:36:10,622 INFO supervisord started with pid 1
2020-11-27 17:36:11,627 INFO spawned: 'httpd' with pid 9
2020-11-27 17:36:12,700 INFO success: httpd entered RUNNING state, process has stayed up for > than 1 seconds (startsecs)
2020-11-27 17:38:21,504 WARN received SIGTERM indicating exit request
2020-11-27 17:38:21,514 INFO waiting for httpd to die
2020-11-27 17:38:21,624 INFO stopped: httpd (exit status 0)
